2022-11-03 17:24:21,243:INFO:PyCaret Supervised Module
2022-11-03 17:24:21,244:INFO:ML Usecase: classification
2022-11-03 17:24:21,244:INFO:version 2.3.5
2022-11-03 17:24:21,244:INFO:Initializing setup()
2022-11-03 17:24:21,244:INFO:setup(target=cardio, ml_usecase=classification, available_plots={'parameter': 'Hyperparameters', 'auc': 'AUC', 'confusion_matrix': 'Confusion Matrix', 'threshold': 'Threshold', 'pr': 'Precision Recall', 'error': 'Prediction Error', 'class_report': 'Class Report', 'rfe': 'Feature Selection', 'learning': 'Learning Curve', 'manifold': 'Manifold Learning', 'calibration': 'Calibration Curve', 'vc': 'Validation Curve', 'dimension': 'Dimensions', 'feature': 'Feature Importance', 'feature_all': 'Feature Importance (All)', 'boundary': 'Decision Boundary', 'lift': 'Lift Chart', 'gain': 'Gain Chart', 'tree': 'Decision Tree', 'ks': 'KS Statistic Plot'}, train_size=0.8, test_data=None, preprocess=True, imputation_type=simple, iterative_imputation_iters=5, categorical_features=None, categorical_imputation=constant, categorical_iterative_imputer=lightgbm, ordinal_features=None, high_cardinality_features=None, high_cardinality_method=frequency, numeric_features=None, numeric_imputation=median, numeric_iterative_imputer=lightgbm, date_features=None, ignore_features=None, normalize=True, normalize_method=robust, transformation=False, transformation_method=yeo-johnson, handle_unknown_categorical=True, unknown_categorical_method=least_frequent, pca=False, pca_method=linear, pca_components=None, ignore_low_variance=False, combine_rare_levels=False, rare_level_threshold=0.1, bin_numeric_features=None, remove_outliers=False, outliers_threshold=0.05, remove_multicollinearity=False, multicollinearity_threshold=0.9, remove_perfect_collinearity=True, create_clusters=False, cluster_iter=20, polynomial_features=False, polynomial_degree=2, trigonometry_features=False, polynomial_threshold=0.1, group_features=None, group_names=None, feature_selection=False, feature_selection_threshold=0.8, feature_selection_method=classic, feature_interaction=False, feature_ratio=False, interaction_threshold=0.01, fix_imbalance=False, fix_imbalance_method=None, transform_target=False, transform_target_method=box-cox, data_split_shuffle=True, data_split_stratify=False, fold_strategy=stratifiedkfold, fold=5, fold_shuffle=False, fold_groups=None, n_jobs=-1, use_gpu=False, custom_pipeline=None, html=True, session_id=123, log_experiment=False, experiment_name=None, log_plots=False, log_profile=False, log_data=False, silent=False, verbose=True, profile=False, profile_kwargs=None, display=None)
2022-11-03 17:24:21,244:INFO:Checking environment
2022-11-03 17:24:21,244:INFO:python_version: 3.8.5
2022-11-03 17:24:21,244:INFO:python_build: ('default', 'Jan 27 2021 15:41:15')
2022-11-03 17:24:21,244:INFO:machine: x86_64
2022-11-03 17:24:21,249:INFO:platform: Linux-5.4.0-67-generic-x86_64-with-glibc2.29
2022-11-03 17:24:21,249:INFO:Memory: svmem(total=16713646080, available=7634038784, percent=54.3, used=8360030208, free=538411008, active=11204800512, inactive=3496554496, buffers=1218162688, cached=6597042176, shared=388833280, slab=1026068480)
2022-11-03 17:24:21,250:INFO:Physical Core: 8
2022-11-03 17:24:21,250:INFO:Logical Core: 16
2022-11-03 17:24:21,250:INFO:Checking libraries
2022-11-03 17:24:21,250:INFO:pd==1.2.3
2022-11-03 17:24:21,250:INFO:numpy==1.22.3
2022-11-03 17:24:21,250:INFO:sklearn==1.0.2
2022-11-03 17:25:24,624:INFO:PyCaret Supervised Module
2022-11-03 17:25:24,624:INFO:ML Usecase: classification
2022-11-03 17:25:24,624:INFO:version 2.3.10
2022-11-03 17:25:24,624:INFO:Initializing setup()
2022-11-03 17:25:24,624:INFO:setup(target=cardio, ml_usecase=classification, available_plots={'parameter': 'Hyperparameters', 'auc': 'AUC', 'confusion_matrix': 'Confusion Matrix', 'threshold': 'Threshold', 'pr': 'Precision Recall', 'error': 'Prediction Error', 'class_report': 'Class Report', 'rfe': 'Feature Selection', 'learning': 'Learning Curve', 'manifold': 'Manifold Learning', 'calibration': 'Calibration Curve', 'vc': 'Validation Curve', 'dimension': 'Dimensions', 'feature': 'Feature Importance', 'feature_all': 'Feature Importance (All)', 'boundary': 'Decision Boundary', 'lift': 'Lift Chart', 'gain': 'Gain Chart', 'tree': 'Decision Tree', 'ks': 'KS Statistic Plot'}, train_size=0.8, test_data=None, preprocess=True, imputation_type=simple, iterative_imputation_iters=5, categorical_features=None, categorical_imputation=constant, categorical_iterative_imputer=lightgbm, ordinal_features=None, high_cardinality_features=None, high_cardinality_method=frequency, numeric_features=None, numeric_imputation=median, numeric_iterative_imputer=lightgbm, date_features=None, ignore_features=None, normalize=True, normalize_method=robust, transformation=False, transformation_method=yeo-johnson, handle_unknown_categorical=True, unknown_categorical_method=least_frequent, pca=False, pca_method=linear, pca_components=None, ignore_low_variance=False, combine_rare_levels=False, rare_level_threshold=0.1, bin_numeric_features=None, remove_outliers=False, outliers_threshold=0.05, remove_multicollinearity=False, multicollinearity_threshold=0.9, remove_perfect_collinearity=True, create_clusters=False, cluster_iter=20, polynomial_features=False, polynomial_degree=2, trigonometry_features=False, polynomial_threshold=0.1, group_features=None, group_names=None, feature_selection=False, feature_selection_threshold=0.8, feature_selection_method=classic, feature_interaction=False, feature_ratio=False, interaction_threshold=0.01, fix_imbalance=False, fix_imbalance_method=None, transform_target=False, transform_target_method=box-cox, data_split_shuffle=True, data_split_stratify=False, fold_strategy=stratifiedkfold, fold=5, fold_shuffle=False, fold_groups=None, n_jobs=-1, use_gpu=False, custom_pipeline=None, html=True, session_id=123, log_experiment=False, experiment_name=None, experiment_custom_tags=None, log_plots=False, log_profile=False, log_data=False, silent=False, verbose=True, profile=False, profile_kwargs=None, display=None)
2022-11-03 17:25:24,624:INFO:Checking environment
2022-11-03 17:25:24,624:INFO:python_version: 3.8.5
2022-11-03 17:25:24,624:INFO:python_build: ('default', 'Jan 27 2021 15:41:15')
2022-11-03 17:25:24,624:INFO:machine: x86_64
2022-11-03 17:25:24,629:INFO:platform: Linux-5.4.0-67-generic-x86_64-with-glibc2.29
2022-11-03 17:25:24,629:INFO:Memory: svmem(total=16713646080, available=7888719872, percent=52.8, used=8126443520, free=776380416, active=10950737920, inactive=3522379776, buffers=1216372736, cached=6594449408, shared=367570944, slab=1014874112)
2022-11-03 17:25:24,630:INFO:Physical Core: 8
2022-11-03 17:25:24,630:INFO:Logical Core: 16
2022-11-03 17:25:24,630:INFO:Checking libraries
2022-11-03 17:25:24,630:INFO:pd==1.2.3
2022-11-03 17:25:24,630:INFO:numpy==1.19.5
2022-11-03 17:25:24,630:INFO:sklearn==0.23.2
2022-11-03 17:25:24,630:INFO:lightgbm==3.3.1
2022-11-03 17:25:24,630:WARNING:catboost not found
2022-11-03 17:25:24,630:WARNING:xgboost not found
2022-11-03 17:25:24,630:INFO:mlflow==1.21.0
2022-11-03 17:25:24,630:INFO:Checking Exceptions
2022-11-03 17:25:24,630:INFO:Declaring global variables
2022-11-03 17:25:24,630:INFO:USI: c5fb
2022-11-03 17:25:24,630:INFO:pycaret_globals: {'_all_metrics', 'exp_name_log', 'gpu_param', 'master_model_container', 'y_train', 'fold_shuffle_param', 'dashboard_logger', 'logging_param', 'create_model_container', 'transform_target_param', '_ml_usecase', 'experiment__', 'fix_imbalance_method_param', 'X', 'fold_param', '_available_plots', 'X_train', 'seed', 'iterative_imputation_iters_param', 'html_param', 'n_jobs_param', 'X_test', 'log_plots_param', 'stratify_param', 'display_container', 'pycaret_globals', 'imputation_classifier', 'fold_groups_param_full', 'transform_target_method_param', 'y_test', '_all_models', 'USI', 'fix_imbalance_param', 'fold_generator', '_all_models_internal', 'fold_groups_param', 'imputation_regressor', '_gpu_n_jobs_param', 'data_before_preprocess', 'prep_pipe', 'target_param', '_internal_pipeline', 'y'}
2022-11-03 17:25:24,630:INFO:Preparing display monitor
2022-11-03 17:25:24,630:INFO:Preparing display monitor
2022-11-03 17:25:24,638:INFO:Importing libraries
2022-11-03 17:25:24,638:INFO:Copying data for preprocessing
2022-11-03 17:25:24,643:INFO:Declaring preprocessing parameters
2022-11-03 17:25:24,646:INFO:Creating preprocessing pipeline
2022-11-03 17:25:24,688:INFO:Preprocessing pipeline created successfully
2022-11-03 17:25:24,689:ERROR:(Process Exit): setup has been interupted with user command 'quit'. setup must rerun.
2022-11-03 17:25:24,689:INFO:Creating global containers
2022-11-03 17:25:24,689:INFO:Internal pipeline: Pipeline(memory=None, steps=[('empty_step', 'passthrough')], verbose=False)
